%!Adobe-FontList 1.23
%Locale:0x804

%BeginFont
Handler:DirectoryHandler
FontType:Type1
FontName:MarqueNormal
FamilyName:Marque
StyleName:Normal
FullName:Marque Normal
MenuName:Marque
StyleBits:0
WritingScript:Roman
OutlineFileName:E:\Git\SRI-History\book2\Document fonts\Marque.otf
DataFormat:sfntData
UsesStandardEncoding:yes
isCFF:yes
hasSVG:no
hasCOLR:no
VariableFontType:NonVariableFont
FileLength:28260
FileModTime:1692791018
WeightClass:100
WidthClass:5
AngleClass:0
NameArray:0,Mac,4,Marque Normal
NameArray:0,Win,1,Marque
%EndFont

%BeginFont
Handler:DirectoryHandler
FontType:TrueType
FontName:TimesNewRomanPSMT
FamilyName:Times New Roman
StyleName:Regular
FullName:Times New Roman
MenuName:Times New Roman
StyleBits:0
WritingScript:Roman
OutlineFileName:E:\Git\SRI-History\book2\Document fonts\times.ttf
DataFormat:sfntData
hasSVG:no
hasCOLR:no
VariableFontType:NonVariableFont
FileLength:1195688
FileModTime:1692791018
WeightClass:400
WidthClass:5
AngleClass:0
NameArray:0,Mac,4,Times New Roman
NameArray:0,Win,1,Times New Roman
%EndFont

